<?xml version="1.0" encoding="UTF-8"?>
<!-- Generated by org.testng.reporters.JUnitReportReporter -->
<testsuite hostname="DESKTOP-59LOSNS" failures="0" tests="4" name="makeMyTripDemo.makemytrip.HomePage" time="136.034" errors="0" timestamp="2021-07-15T15:16:56 IST" skipped="0">
  <testcase classname="makeMyTripDemo.makemytrip.HomePage" name="selectOriginAndDestination" time="59.357"/>
  <system-out/>
  <testcase classname="makeMyTripDemo.makemytrip.HomePage" name="selectDate" time="4.214"/>
  <system-out/>
  <testcase classname="makeMyTripDemo.makemytrip.HomePage" name="addPassenger" time="21.228"/>
  <system-out/>
  <testcase classname="makeMyTripDemo.makemytrip.HomePage" name="submitFlightDetials" time="51.235"/>
  <system-out/>
</testsuite> <!-- makeMyTripDemo.makemytrip.HomePage -->
