<?xml version="1.0" encoding="UTF-8"?>
<!-- Generated by org.testng.reporters.JUnitReportReporter -->
<testsuite hostname="DESKTOP-59LOSNS" failures="0" tests="1" name="makeMyTripDemo.makemytrip.flightDetails" time="28.621" errors="0" timestamp="2021-07-16T12:02:33 IST" skipped="0">
  <testcase classname="makeMyTripDemo.makemytrip.flightDetails" name="storeData" time="28.621"/>
  <system-out/>
</testsuite> <!-- makeMyTripDemo.makemytrip.flightDetails -->
