<?xml version="1.0" encoding="UTF-8"?>
<!-- Generated by org.testng.reporters.JUnitReportReporter -->
<testsuite hostname="DESKTOP-59LOSNS" failures="0" tests="1" name="makeMyTripDemo.makemytrip.flightListPage" time="1.294" errors="0" timestamp="2021-07-15T23:28:43 IST" skipped="0">
  <testcase classname="makeMyTripDemo.makemytrip.flightListPage" name="validateDetials" time="1.294"/>
  <system-out/>
</testsuite> <!-- makeMyTripDemo.makemytrip.flightListPage -->
