<?xml version="1.0" encoding="UTF-8"?>
<!-- Generated by org.testng.reporters.JUnitReportReporter -->
<testsuite hostname="DESKTOP-59LOSNS" failures="0" tests="1" name="makeMyTripDemo.makemytrip.SampleClass" time="0.012" errors="0" timestamp="2021-07-15T01:21:28 IST" skipped="0">
  <testcase classname="makeMyTripDemo.makemytrip.SampleClass" name="Test1" time="0.012"/>
  <system-out/>
</testsuite> <!-- makeMyTripDemo.makemytrip.SampleClass -->
